        -:    0:Source:/home/clinux01/Escritorio/TPI/TPI_AED1/auxiliares.cpp
        -:    0:Graph:/home/clinux01/Escritorio/TPI/TPI_AED1/cmake-build-debug/CMakeFiles/tpi.dir/auxiliares.gcno
        -:    0:Data:/home/clinux01/Escritorio/TPI/TPI_AED1/cmake-build-debug/CMakeFiles/tpi.dir/auxiliares.gcda
        -:    0:Runs:1
        -:    1://
        -:    2:// Este archivo contiene las definiciones de las funciones auxiliares
        -:    3:// que ustedes necesiten implementar. Tienen que coincidir con las 
        -:    4:// declaraciones de auxiliares.h
        -:    5://
        -:    6:
        -:    7:#include <iostream>
        -:    8:
        -:    9:#include "definiciones.h"
        -:   10:#include "ejercicios.h"
        -:   11:#include "auxiliares.h"
        -:   12:
        -:   13:using namespace std;
        -:   14:
        -:   15:
        -:   16:// FUNCIONES AUXILIARES USADAS EN EL EJERCICIO 1
        -:   17:
function _Z13tableroValidoRSt6vectorIS_IbSaIbEESaIS1_EE called 0 returned 0% blocks executed 0%
    #####:   18:bool tableroValido(tablero& tablero){
    #####:   19:    if (tamanioDeTableroValido(tablero) & cantidadDeMinasValida(tablero)){
    %%%%%:   19-block  0
call    0 never executed
call    1 never executed
branch  2 never executed
branch  3 never executed
    #####:   20:        return true;
    %%%%%:   20-block  0
    #####:   21:    }else return false;
    %%%%%:   21-block  0
        -:   22:}
        -:   23:
function _Z22tamanioDeTableroValidoRSt6vectorIS_IbSaIbEESaIS1_EE called 0 returned 0% blocks executed 0%
    #####:   24:bool tamanioDeTableroValido(tablero& tablero){
    #####:   25:    if (tablero.size()>0){
    %%%%%:   25-block  0
call    0 never executed
branch  1 never executed
branch  2 never executed
    #####:   26:        bool tamanioDeFila=true;
    #####:   27:        int i=0;
    %%%%%:   27-block  0
    #####:   28:        while (i<tablero.size() && tamanioDeFila== true){
    %%%%%:   28-block  0
call    0 never executed
branch  1 never executed
branch  2 never executed
    %%%%%:   28-block  1
branch  3 never executed
branch  4 never executed
    %%%%%:   28-block  2
    %%%%%:   28-block  3
    %%%%%:   28-block  4
branch  5 never executed
branch  6 never executed
    #####:   29:            if (tablero.size() != tablero[i].size()){
    %%%%%:   29-block  0
call    0 never executed
call    1 never executed
call    2 never executed
branch  3 never executed
branch  4 never executed
    #####:   30:                tamanioDeFila= false;
    %%%%%:   30-block  0
        -:   31:            }
    #####:   32:            i++;
    %%%%%:   32-block  0
        -:   33:        }
        -:   34:
        -:   35:    }
    #####:   36:}
        -:   37:
function _Z21cantidadDeMinasValidaRSt6vectorIS_IbSaIbEESaIS1_EE called 0 returned 0% blocks executed 0%
    #####:   38:bool cantidadDeMinasValida(tablero& tablero){
    #####:   39:    int cantidadDeMinas=0;
    #####:   40:    for (int i=0; i<tablero.size(); i++){
    %%%%%:   40-block  0
    %%%%%:   40-block  1
call    0 never executed
branch  1 never executed
branch  2 never executed
    %%%%%:   40-block  2
    #####:   41:        for (int j=0;j<tablero[i].size();j++){
    %%%%%:   41-block  0
    %%%%%:   41-block  1
call    0 never executed
call    1 never executed
branch  2 never executed
branch  3 never executed
    %%%%%:   41-block  2
    #####:   42:            if (tablero[i][j]== true){
    %%%%%:   42-block  0
call    0 never executed
call    1 never executed
call    2 never executed
branch  3 never executed
branch  4 never executed
    #####:   43:                cantidadDeMinas++;
    %%%%%:   43-block  0
        -:   44:            }
        -:   45:        }
        -:   46:    }
    #####:   47:    if (cantidadDeMinas<(tablero.size()*tablero.size())){
    %%%%%:   47-block  0
call    0 never executed
call    1 never executed
branch  2 never executed
branch  3 never executed
    #####:   48:        return true;
    %%%%%:   48-block  0
    #####:   49:    }else return false;
    %%%%%:   49-block  0
        -:   50:}
        -:   51:
function _Z14posicionValidaSt4pairIiiEi called 0 returned 0% blocks executed 0%
    #####:   52:bool posicionValida(pos p, int n){
    #####:   53:    bool result=false;
    #####:   54:    if (p.first<n && p.second<n){
    %%%%%:   54-block  0
branch  0 never executed
branch  1 never executed
    %%%%%:   54-block  1
branch  2 never executed
branch  3 never executed
    #####:   55:        result=true;
    %%%%%:   55-block  0
        -:   56:    }
    #####:   57:    return result;
    %%%%%:   57-block  0
        -:   58:}
        -:   59:
function _Z18numMinasAdyacentesRSt6vectorIS_IbSaIbEESaIS1_EESt4pairIiiE called 4 returned 100% blocks executed 100%
        4:   60:int numMinasAdyacentes(tablero& t, pos p){
        4:   61:    int result=0;
       16:   62:    for (int i=-1; i<=1;i++){
        4:   62-block  0
       16:   62-block  1
branch  0 taken 12 (fallthrough)
branch  1 taken 4
       12:   62-block  2
       48:   63:        for (int j=-1;j<=1;j++){
       12:   63-block  0
       48:   63-block  1
branch  0 taken 36 (fallthrough)
branch  1 taken 12
       36:   63-block  2
       36:   64:            if (esAdyacenteValida(p,i,j,t) && t[p.first+i][p.second+j]==true){
       36:   64-block  0
call    0 returned 36
branch  1 taken 22 (fallthrough)
branch  2 taken 14
       22:   64-block  1
call    3 returned 22
call    4 returned 22
call    5 returned 22
branch  6 taken 4 (fallthrough)
branch  7 taken 18
        4:   64-block  2
       32:   64-block  3
       36:   64-block  4
branch  8 taken 4 (fallthrough)
branch  9 taken 32
        4:   65:                result++;
        4:   65-block  0
        -:   66:            }
        -:   67:        }
        -:   68:    }
        4:   69:    return result;
        4:   69-block  0
        -:   70:}
        -:   71:
function _Z17esAdyacenteValidaSt4pairIiiEiiRSt6vectorIS1_IbSaIbEESaIS3_EE called 36 returned 100% blocks executed 100%
       36:   72:bool esAdyacenteValida(pos p, int i, int j, tablero& t){
       36:   73:    if (p.first+i<t.size() && p.second+j<t.size() && (i!=0 || j!=0)){
       36:   73-block  0
call    0 returned 36
branch  1 taken 30 (fallthrough)
branch  2 taken 6
       30:   73-block  1
call    3 returned 30
branch  4 taken 26 (fallthrough)
branch  5 taken 4
       26:   73-block  2
branch  6 taken 10 (fallthrough)
branch  7 taken 16
       10:   73-block  3
branch  8 taken 6 (fallthrough)
branch  9 taken 4
       22:   73-block  4
       14:   73-block  5
       36:   73-block  6
branch 10 taken 22 (fallthrough)
branch 11 taken 14
       22:   74:        return true;
       22:   74-block  0
       14:   75:    }else return false;
       14:   75-block  0
        -:   76:}
        -:   77:
        -:   78:
        -:   79:// FUNCIONES AUXILIARES USADAS EN EL EJERCICI0 2
        -:   80:
function _Z17hayMinaEnPosicionSt4pairIiiERSt6vectorIS1_IbSaIbEESaIS3_EE called 11 returned 100% blocks executed 86%
       11:   81:bool hayMinaEnPosicion(pos p, tablero& t){
       11:   82:    if (t[p.first][p.second] == cMINA){
       11:   82-block  0
call    0 returned 11
call    1 returned 11
call    2 returned 11
branch  3 taken 0 (fallthrough)
branch  4 taken 11
    #####:   83:        return true;
    %%%%%:   83-block  0
       11:   84:    }else return false;
       11:   84-block  0
        -:   85:}
function _Z12minasPisadasRSt6vectorISt4pairIS0_IiiEiESaIS2_EERS_IS_IbSaIbEESaIS7_EE called 0 returned 0% blocks executed 0%
    #####:   86:int minasPisadas(jugadas& j ,tablero& t){
    #####:   87:    int minas = 0;
    #####:   88:    for(int i = 0; i<j.size(); i++){
    %%%%%:   88-block  0
    %%%%%:   88-block  1
call    0 never executed
branch  1 never executed
branch  2 never executed
    %%%%%:   88-block  2
    #####:   89:        if (hayMinaEnPosicion(j[i].first, t)){
    %%%%%:   89-block  0
call    0 never executed
call    1 never executed
branch  2 never executed
branch  3 never executed
    #####:   90:            minas++;
    %%%%%:   90-block  0
        -:   91:        }
        -:   92:    }
    #####:   93:    return minas;
    %%%%%:   93-block  0
        -:   94:}
        -:   95:
function _Z14jugadasValidasRSt6vectorISt4pairIS0_IiiEiESaIS2_EERS_IS_IbSaIbEESaIS7_EE called 0 returned 0% blocks executed 0%
    #####:   96:bool jugadasValidas(jugadas& j , tablero& t){
    #####:   97:    for (int i =0; i<j.size();i++){
    %%%%%:   97-block  0
call    0 never executed
branch  1 never executed
branch  2 never executed
    #####:   98:        if ( posicionValida(j[i].first,t.size())
    %%%%%:   98-block  0
call    0 never executed
call    1 never executed
call    2 never executed
    #####:   99:        && (numMinasAdyacentes(t,j[i].first) == j[i].second)){
branch  0 never executed
branch  1 never executed
    %%%%%:   99-block  0
call    2 never executed
call    3 never executed
call    4 never executed
branch  5 never executed
branch  6 never executed
    %%%%%:   99-block  1
    %%%%%:   99-block  2
    %%%%%:   99-block  3
branch  7 never executed
branch  8 never executed
    #####:  100:            return true;
    %%%%%:  100-block  0
    #####:  101:        } else return false;
    %%%%%:  101-block  0
        -:  102:    }
    #####:  103:}
    %%%%%:  103-block  0
        -:  104:
function _Z11juegoValidoRSt6vectorIS_IbSaIbEESaIS1_EERS_ISt4pairIS5_IiiEiESaIS7_EE called 0 returned 0% blocks executed 0%
    #####:  105:bool juegoValido(tablero& t,jugadas& j){
    #####:  106:    if (tableroValido(t)&& jugadasValidas(j,t)
    %%%%%:  106-block  0
call    0 never executed
    %%%%%:  106-block  1
call    1 never executed
branch  2 never executed
branch  3 never executed
    #####:  107:    && (minasPisadas(j,t) <= 1)){
branch  0 never executed
branch  1 never executed
    %%%%%:  107-block  0
call    2 never executed
branch  3 never executed
branch  4 never executed
    %%%%%:  107-block  1
    %%%%%:  107-block  2
    %%%%%:  107-block  3
branch  5 never executed
branch  6 never executed
    #####:  108:        return true;
    %%%%%:  108-block  0
    #####:  109:    } else return false;
    %%%%%:  109-block  0
        -:  110:}
        -:  111:
function _Z18jugadasNoRepetidasRSt6vectorISt4pairIS0_IiiEiESaIS2_EE called 0 returned 0% blocks executed 0%
    #####:  112:bool jugadasNoRepetidas (jugadas& j){
    #####:  113: for(int i=0 ; i < j.size();i++){
    %%%%%:  113-block  0
    %%%%%:  113-block  1
call    0 never executed
branch  1 never executed
branch  2 never executed
    %%%%%:  113-block  2
    #####:  114:     for (int k = 0 ; k < j.size(); k++){
    %%%%%:  114-block  0
call    0 never executed
branch  1 never executed
branch  2 never executed
    #####:  115:        if(j[i].first != j[k].first && (i != k)){
    %%%%%:  115-block  0
call    0 never executed
call    1 never executed
call    2 never executed
branch  3 never executed
branch  4 never executed
    %%%%%:  115-block  1
branch  5 never executed
branch  6 never executed
    %%%%%:  115-block  2
    %%%%%:  115-block  3
    %%%%%:  115-block  4
branch  7 never executed
branch  8 never executed
    #####:  116:            return true;
    %%%%%:  116-block  0
    #####:  117:        } else return false;
    %%%%%:  117-block  0
        -:  118:     }
        -:  119: }
    #####:  120:}
    %%%%%:  120-block  0
        -:  121:
function _Z11esBanderitaSt4pairIiiERSt6vectorIS0_SaIS0_EE called 0 returned 0% blocks executed 0%
    #####:  122:bool esBanderita(pos p, banderitas& b){
    #####:  123:    for(int i = 0; i<b.size(); i++){
    %%%%%:  123-block  0
call    0 never executed
branch  1 never executed
branch  2 never executed
    #####:  124:        if ( p == b[i]){
    %%%%%:  124-block  0
call    0 never executed
call    1 never executed
branch  2 never executed
branch  3 never executed
    #####:  125:            return true;
    %%%%%:  125-block  0
    #####:  126:        }else return false;
    %%%%%:  126-block  0
        -:  127:    }
    #####:  128:}
    %%%%%:  128-block  0
        -:  129:
function _Z9fueJugadaSt4pairIiiERSt6vectorIS_IS0_iESaIS2_EE called 0 returned 0% blocks executed 0%
    #####:  130:bool fueJugada(pos p, jugadas& j){
    #####:  131:    for(int i = 0; i<j.size(); i++){
    %%%%%:  131-block  0
call    0 never executed
branch  1 never executed
branch  2 never executed
    #####:  132:        if (p == j[i].first){
    %%%%%:  132-block  0
call    0 never executed
call    1 never executed
branch  2 never executed
branch  3 never executed
    #####:  133:            return true;
    %%%%%:  133-block  0
    #####:  134:        } else return false;
    %%%%%:  134-block  0
        -:  135:    }
    #####:  136:}
    %%%%%:  136-block  0
        -:  137:
function _Z31esPosicionSinJugarYSinBanderitaSt4pairIiiERSt6vectorIS_IS0_iESaIS2_EERS1_IS0_SaIS0_EERS1_IS1_IbSaIbEESaISA_EE called 0 returned 0% blocks executed 0%
    #####:  138:bool esPosicionSinJugarYSinBanderita(pos p, jugadas& j , banderitas& b, tablero& t){
    #####:  139:    if(posicionValida(p,t.size())
    %%%%%:  139-block  0
call    0 never executed
call    1 never executed
    #####:  140:    && (!fueJugada(p,j)&& !esBanderita(p,b))){
branch  0 never executed
branch  1 never executed
    %%%%%:  140-block  0
call    2 never executed
branch  3 never executed
branch  4 never executed
    %%%%%:  140-block  1
call    5 never executed
branch  6 never executed
branch  7 never executed
    %%%%%:  140-block  2
    %%%%%:  140-block  3
    %%%%%:  140-block  4
branch  8 never executed
branch  9 never executed
    #####:  141:        return true;
    %%%%%:  141-block  0
    #####:  142:    }else return false;
    %%%%%:  142-block  0
        -:  143:}
        -:  144:
        -:  145:
        -:  146:
        -:  147://FUNCIONES AUXILIARES USADAS EN EL EJERCICI0 6
function _Z20hayPosicionSugeribleRSt6vectorISt4pairIS0_IiiEiESaIS2_EERS_IS1_SaIS1_EERS_IS_IbSaIbEESaISA_EE called 0 returned 0% blocks executed 0%
    #####:  148:bool hayPosicionSugerible(jugadas& j, banderitas& b, tablero& t){
    #####:  149:    bool result=false;
    #####:  150:    for (int i=0;i<t.size();i++){
    %%%%%:  150-block  0
    %%%%%:  150-block  1
call    0 never executed
branch  1 never executed
branch  2 never executed
    %%%%%:  150-block  2
    #####:  151:        for (int k=0; k<t.size(); k++){
    %%%%%:  151-block  0
    %%%%%:  151-block  1
call    0 never executed
branch  1 never executed
branch  2 never executed
    %%%%%:  151-block  2
    #####:  152:            pos p (i,k);
    %%%%%:  152-block  0
call    0 never executed
    #####:  153:            if (esPosicionSinJugarYSinBanderita(p,j,b,t) && esAdyacenteA121(p,j)){
call    0 never executed
branch  1 never executed
branch  2 never executed
    %%%%%:  153-block  0
branch  3 never executed
branch  4 never executed
    %%%%%:  153-block  1
call    5 never executed
branch  6 never executed
branch  7 never executed
    %%%%%:  153-block  2
branch  8 never executed
branch  9 never executed
    %%%%%:  153-block  3
    %%%%%:  153-block  4
    %%%%%:  153-block  5
branch 10 never executed
branch 11 never executed
    #####:  154:                result=true;
    %%%%%:  154-block  0
        -:  155:            }
        -:  156:        }
        -:  157:    }
    #####:  158:    return result;
    %%%%%:  158-block  0
    %%%%%:  158-block  1
        -:  159:}
        -:  160:
function _Z15esAdyacenteA121St4pairIiiERSt6vectorIS_IS0_iESaIS2_EE called 0 returned 0% blocks executed 0%
    #####:  161:bool esAdyacenteA121(pos p, jugadas& j){
    #####:  162:    bool result=false;
    #####:  163:    pos pos1 (p.first-1,p.second);
    %%%%%:  163-block  0
call    0 never executed
    #####:  164:    pos pos2 (p.first+1,p.second);
call    0 never executed
    #####:  165:    pos pos3 (p.first,p.second-1);
call    0 never executed
    #####:  166:    pos pos4 (p.first,p.second+1);
call    0 never executed
        -:  167:
    #####:  168:    if (es121Horizontal(pos1,j) || es121Horizontal(pos2,j) || es121Vertical(pos3,j) || es121Vertical(pos4,j)){
call    0 never executed
branch  1 never executed
branch  2 never executed
    %%%%%:  168-block  0
call    3 never executed
branch  4 never executed
branch  5 never executed
    %%%%%:  168-block  1
call    6 never executed
branch  7 never executed
branch  8 never executed
    %%%%%:  168-block  2
call    9 never executed
branch 10 never executed
branch 11 never executed
    %%%%%:  168-block  3
    %%%%%:  168-block  4
    %%%%%:  168-block  5
branch 12 never executed
branch 13 never executed
    #####:  169:        result=true;
    %%%%%:  169-block  0
        -:  170:    }
    #####:  171:    return result;
    %%%%%:  171-block  0
        -:  172:}
        -:  173:
function _Z15es121HorizontalSt4pairIiiERSt6vectorIS_IS0_iESaIS2_EE called 0 returned 0% blocks executed 0%
    #####:  174:bool es121Horizontal(pos p, jugadas& j){
    #####:  175:    bool result= false;
    #####:  176:    int aux=0;
    #####:  177:    for (int i=0;i<j.size();i++){
    %%%%%:  177-block  0
    %%%%%:  177-block  1
call    0 never executed
branch  1 never executed
branch  2 never executed
    %%%%%:  177-block  2
    #####:  178:        if ((j[i].first.first==p.first && j[i].first.second==p.second-1 && j[i].second==1) ||
    %%%%%:  178-block  0
call    0 never executed
    %%%%%:  178-block  1
call    1 never executed
branch  2 never executed
branch  3 never executed
    %%%%%:  178-block  2
call    4 never executed
branch  5 never executed
branch  6 never executed
    #####:  179:            (j[i].first.first==p.first && j[i].first.second==p.second && j[i].second==2) ||
branch  0 never executed
branch  1 never executed
    %%%%%:  179-block  0
call    2 never executed
branch  3 never executed
branch  4 never executed
    %%%%%:  179-block  1
call    5 never executed
branch  6 never executed
branch  7 never executed
    %%%%%:  179-block  2
call    8 never executed
branch  9 never executed
branch 10 never executed
    %%%%%:  179-block  3
    %%%%%:  179-block  4
    %%%%%:  179-block  5
branch 11 never executed
branch 12 never executed
    #####:  180:            (j[i].first.first==p.first && j[i].first.second==p.second+1 && j[i].second==1)){
    %%%%%:  180-block  0
call    0 never executed
branch  1 never executed
branch  2 never executed
    %%%%%:  180-block  1
call    3 never executed
branch  4 never executed
branch  5 never executed
    %%%%%:  180-block  2
call    6 never executed
branch  7 never executed
branch  8 never executed
    #####:  181:                aux++;
    %%%%%:  181-block  0
        -:  182:        }
        -:  183:    }
    #####:  184:    if (aux==3){
    %%%%%:  184-block  0
branch  0 never executed
branch  1 never executed
    #####:  185:        result=true;
    %%%%%:  185-block  0
        -:  186:    }
    #####:  187:    return result;
    %%%%%:  187-block  0
        -:  188:}
        -:  189:
function _Z13es121VerticalSt4pairIiiERSt6vectorIS_IS0_iESaIS2_EE called 0 returned 0% blocks executed 0%
    #####:  190:bool es121Vertical(pos p, jugadas& j){
    #####:  191:    bool result= false;
    #####:  192:    int aux=0;
    #####:  193:    for (int i=0;i<j.size();i++){
    %%%%%:  193-block  0
    %%%%%:  193-block  1
call    0 never executed
branch  1 never executed
branch  2 never executed
    %%%%%:  193-block  2
    #####:  194:        if ((j[i].first.first==p.first-1 && j[i].first.second==p.second && j[i].second==1) ||
    %%%%%:  194-block  0
call    0 never executed
    %%%%%:  194-block  1
call    1 never executed
branch  2 never executed
branch  3 never executed
    %%%%%:  194-block  2
call    4 never executed
branch  5 never executed
branch  6 never executed
    #####:  195:            (j[i].first.first==p.first && j[i].first.second==p.second && j[i].second==2) ||
branch  0 never executed
branch  1 never executed
    %%%%%:  195-block  0
call    2 never executed
branch  3 never executed
branch  4 never executed
    %%%%%:  195-block  1
call    5 never executed
branch  6 never executed
branch  7 never executed
    %%%%%:  195-block  2
call    8 never executed
branch  9 never executed
branch 10 never executed
    %%%%%:  195-block  3
    %%%%%:  195-block  4
    %%%%%:  195-block  5
branch 11 never executed
branch 12 never executed
    #####:  196:            (j[i].first.first==p.first+1 && j[i].first.second==p.second && j[i].second==1)){
    %%%%%:  196-block  0
call    0 never executed
branch  1 never executed
branch  2 never executed
    %%%%%:  196-block  1
call    3 never executed
branch  4 never executed
branch  5 never executed
    %%%%%:  196-block  2
call    6 never executed
branch  7 never executed
branch  8 never executed
    #####:  197:            aux++;
    %%%%%:  197-block  0
        -:  198:        }
        -:  199:    }
    #####:  200:    if (aux==3){
    %%%%%:  200-block  0
branch  0 never executed
branch  1 never executed
    #####:  201:        result=true;
    %%%%%:  201-block  0
        -:  202:    }
    #####:  203:    return result;
    %%%%%:  203-block  0
        -:  204:}
        -:  205:
        -:  206:
        -:  207:
        -:  208:
        -:  209:
        -:  210:
        -:  211:
        -:  212:
        -:  213:
        -:  214:
        -:  215:
