        -:    0:Source:/home/clinux01/Escritorio/TPI/TPI_AED1/tests/cambiarBanderitaTEST.cpp
        -:    0:Graph:/home/clinux01/Escritorio/TPI/TPI_AED1/cmake-build-debug/CMakeFiles/tpi.dir/tests/cambiarBanderitaTEST.gcno
        -:    0:Data:/home/clinux01/Escritorio/TPI/TPI_AED1/cmake-build-debug/CMakeFiles/tpi.dir/tests/cambiarBanderitaTEST.gcda
        -:    0:Runs:1
        -:    1:// Tests para la función cambiarBanderita.
        -:    2:// Ver el archovo README.md para ayuda
        -:    3:
        -:    4:
        -:    5:#include "../ejercicios.h"
        -:    6:#include "../auxiliares.h"
        -:    7:#include "gtest/gtest.h"
        -:    8:
        -:    9:using namespace std;
        -:   10:// ┌───┬───┬───┬───┬───┐
        -:   11:// │ * │ * │ 2 │ 1 │ 1 │
        -:   12:// ├───┼───┼───┼───┼───┤
        -:   13:// │ 3 │ 3 │ 3 │ * │ 1 │
        -:   14:// ├───┼───┼───┼───┼───┤
        -:   15:// │ 1 │ * │ 2 │ 1 │ 1 │
        -:   16:// ├───┼───┼───┼───┼───┤
        -:   17:// │ 2 │ 3 │ 2 │ 1 │ 0 │
        -:   18:// ├───┼───┼───┼───┼───┤
        -:   19:// │ * │ 2 │ * │ 1 │ 0 │
        -:   20:// └───┴───┴───┴───┴───┘
        -:   21:tablero t1 = {
        -:   22:        { cMINA,  cMINA,  cVACIA, cVACIA, cVACIA },
        -:   23:        { cVACIA, cVACIA, cVACIA, cMINA,  cVACIA },
        -:   24:        { cVACIA, cMINA,  cVACIA, cVACIA, cVACIA },
        -:   25:        { cVACIA, cVACIA, cVACIA, cVACIA, cVACIA },
        -:   26:        { cMINA,  cVACIA, cMINA,  cVACIA, cVACIA },
        -:   27:};
        -:   28:
        -:   29:jugadas jugadas1= {
        -:   30:        jugada(pos(0, 2), 2), jugada(pos(0, 4), 1),
        -:   31:        jugada(pos(1, 0), 3), jugada(pos(1, 1), 3), jugada(pos(1, 2), 3)};
        -:   32:
        -:   33:
        2:   34:TEST(cambiarBanderitaTEST, esBanderita) {
        2:   35:    banderitas b = {pos(0, 0), pos (2,1)};
        1:   36:    pos pos1(0, 0);
        1:   37:    cambiarBanderita(t1,jugadas1,pos1,b);
        2:   38:    banderitas c = {pos (2,1)};
       1*:   39:    EXPECT_EQ(b,c);
        1:   40:}
------------------
_ZN37cambiarBanderitaTEST_esBanderita_Test8TestBodyEv:
function _ZN37cambiarBanderitaTEST_esBanderita_Test8TestBodyEv called 1 returned 100% blocks executed 33%
        1:   34:TEST(cambiarBanderitaTEST, esBanderita) {
        2:   35:    banderitas b = {pos(0, 0), pos (2,1)};
        1:   35-block  0
call    0 returned 1
call    1 returned 1
branch  2 taken 1 (fallthrough)
branch  3 taken 0 (throw)
call    4 returned 1
    $$$$$:   35-block  1
    $$$$$:   35-block  2
    $$$$$:   35-block  3
call    5 never executed
        1:   36:    pos pos1(0, 0);
        1:   37:    cambiarBanderita(t1,jugadas1,pos1,b);
call    0 returned 1
branch  1 taken 1 (fallthrough)
branch  2 taken 0 (throw)
        2:   38:    banderitas c = {pos (2,1)};
        1:   38-block  0
call    0 returned 1
call    1 returned 1
branch  2 taken 1 (fallthrough)
branch  3 taken 0 (throw)
call    4 returned 1
    $$$$$:   38-block  1
    $$$$$:   38-block  2
    $$$$$:   38-block  3
call    5 never executed
       1*:   39:    EXPECT_EQ(b,c);
call    0 returned 1
branch  1 taken 1 (fallthrough)
branch  2 taken 0 (throw)
        1:   39-block  0
call    3 returned 1
branch  4 taken 0 (fallthrough)
branch  5 taken 1
    %%%%%:   39-block  1
call    6 never executed
branch  7 never executed
branch  8 never executed
    %%%%%:   39-block  2
call    9 never executed
branch 10 never executed
branch 11 never executed
    %%%%%:   39-block  3
call   12 never executed
branch 13 never executed
branch 14 never executed
    %%%%%:   39-block  4
call   15 never executed
branch 16 never executed
branch 17 never executed
    %%%%%:   39-block  5
call   18 never executed
call   19 never executed
        1:   39-block  6
call   20 returned 1
    $$$$$:   39-block  7
call   21 never executed
    $$$$$:   39-block  8
    $$$$$:   39-block  9
call   22 never executed
    $$$$$:   39-block 10
    $$$$$:   39-block 11
call   23 never executed
        1:   40:}
------------------
_ZN37cambiarBanderitaTEST_esBanderita_TestC2Ev:
function _ZN37cambiarBanderitaTEST_esBanderita_TestC2Ev called 1 returned 100% blocks executed 100%
        1:   34:TEST(cambiarBanderitaTEST, esBanderita) {
        1:   34-block  0
call    0 returned 1
------------------
        -:   41:
        2:   42:TEST(cambiarBanderitaTEST, noEsBanderita) {
        2:   43:    banderitas b = {pos(0, 0), pos (2,1)};
        1:   44:    pos pos1(1, 3);
        1:   45:    cambiarBanderita(t1,jugadas1,pos1,b);
        2:   46:    banderitas c = {pos(0, 0), pos (2,1), pos(1,3)};
       1*:   47:    EXPECT_EQ(b,c);
        1:   48:}
------------------
_ZN39cambiarBanderitaTEST_noEsBanderita_Test8TestBodyEv:
function _ZN39cambiarBanderitaTEST_noEsBanderita_Test8TestBodyEv called 1 returned 100% blocks executed 33%
        1:   42:TEST(cambiarBanderitaTEST, noEsBanderita) {
        2:   43:    banderitas b = {pos(0, 0), pos (2,1)};
        1:   43-block  0
call    0 returned 1
call    1 returned 1
branch  2 taken 1 (fallthrough)
branch  3 taken 0 (throw)
call    4 returned 1
    $$$$$:   43-block  1
    $$$$$:   43-block  2
    $$$$$:   43-block  3
call    5 never executed
        1:   44:    pos pos1(1, 3);
        1:   45:    cambiarBanderita(t1,jugadas1,pos1,b);
call    0 returned 1
branch  1 taken 1 (fallthrough)
branch  2 taken 0 (throw)
        2:   46:    banderitas c = {pos(0, 0), pos (2,1), pos(1,3)};
        1:   46-block  0
call    0 returned 1
call    1 returned 1
branch  2 taken 1 (fallthrough)
branch  3 taken 0 (throw)
call    4 returned 1
    $$$$$:   46-block  1
    $$$$$:   46-block  2
    $$$$$:   46-block  3
call    5 never executed
       1*:   47:    EXPECT_EQ(b,c);
call    0 returned 1
branch  1 taken 1 (fallthrough)
branch  2 taken 0 (throw)
        1:   47-block  0
call    3 returned 1
branch  4 taken 0 (fallthrough)
branch  5 taken 1
    %%%%%:   47-block  1
call    6 never executed
branch  7 never executed
branch  8 never executed
    %%%%%:   47-block  2
call    9 never executed
branch 10 never executed
branch 11 never executed
    %%%%%:   47-block  3
call   12 never executed
branch 13 never executed
branch 14 never executed
    %%%%%:   47-block  4
call   15 never executed
branch 16 never executed
branch 17 never executed
    %%%%%:   47-block  5
call   18 never executed
call   19 never executed
        1:   47-block  6
call   20 returned 1
    $$$$$:   47-block  7
call   21 never executed
    $$$$$:   47-block  8
    $$$$$:   47-block  9
call   22 never executed
    $$$$$:   47-block 10
    $$$$$:   47-block 11
call   23 never executed
        1:   48:}
------------------
_ZN39cambiarBanderitaTEST_noEsBanderita_TestC2Ev:
function _ZN39cambiarBanderitaTEST_noEsBanderita_TestC2Ev called 1 returned 100% blocks executed 100%
        1:   42:TEST(cambiarBanderitaTEST, noEsBanderita) {
        1:   42-block  0
call    0 returned 1
------------------
