        -:    0:Source:/home/clinux01/Escritorio/TPI/TPI_AED1/tests/minasAdyacentesTEST.cpp
        -:    0:Graph:/home/clinux01/Escritorio/TPI/TPI_AED1/cmake-build-debug/CMakeFiles/tpi.dir/tests/minasAdyacentesTEST.gcno
        -:    0:Data:/home/clinux01/Escritorio/TPI/TPI_AED1/cmake-build-debug/CMakeFiles/tpi.dir/tests/minasAdyacentesTEST.gcda
        -:    0:Runs:1
        -:    1:// Tests para la función minasAdyacentes.
        -:    2:// Ver el archivo README.md para ayuda
        -:    3:
        -:    4:#include "../ejercicios.h"
        -:    5:#include "../auxiliares.h"
        -:    6:#include "../definiciones.h"
        -:    7:#include "gtest/gtest.h"
        -:    8:
        -:    9:using namespace std;
