        -:    0:Source:C:/Users/Ariel/Google Drive/UBA/AED1/Laboratorio/TPI_AED1/tests/minasAdyacentesTEST.cpp
        -:    0:Graph:C:\Users\Ariel\Google Drive\UBA\AED1\Laboratorio\TPI_AED1\cmake-build-debug\CMakeFiles\tpi.dir\tests\minasAdyacentesTEST.gcno
        -:    0:Data:C:\Users\Ariel\Google Drive\UBA\AED1\Laboratorio\TPI_AED1\cmake-build-debug\CMakeFiles\tpi.dir\tests\minasAdyacentesTEST.gcda
        -:    0:Runs:1
        -:    1:// Tests para la función minasAdyacentes.
        -:    2:// Ver el archivo README.md para ayuda
        -:    3:
        -:    4:#include "../ejercicios.h"
        -:    5:#include "../auxiliares.h"
        -:    6:#include "../definiciones.h"
        -:    7:#include "gtest/gtest.h"
        -:    8:
        -:    9:using namespace std;
        -:   10:// ┌───┬───┬───┬───┬───┐
        -:   11:// │ * │ * │ 2 │ 1 │ 1 │
        -:   12:// ├───┼───┼───┼───┼───┤
        -:   13:// │ 3 │ 3 │ 3 │ * │ 1 │
        -:   14:// ├───┼───┼───┼───┼───┤
        -:   15:// │ 1 │ * │ 2 │ 1 │ 1 │
        -:   16:// ├───┼───┼───┼───┼───┤
        -:   17:// │ 2 │ 3 │ 2 │ 1 │ 0 │
        -:   18:// ├───┼───┼───┼───┼───┤
        -:   19:// │ * │ 2 │ * │ 1 │ 0 │
        -:   20:// └───┴───┴───┴───┴───┘
        -:   21:
        -:   22:
        2:   23:TEST(minasAdyacentesTest, posCentro){
        -:   24:    tablero t = {
        -:   25:            { cMINA,  cMINA,  cVACIA, cVACIA, cVACIA },
        -:   26:            { cVACIA, cVACIA, cVACIA, cMINA,  cVACIA },
        -:   27:            { cVACIA, cMINA,  cVACIA, cVACIA, cVACIA },
        -:   28:            { cVACIA, cVACIA, cVACIA, cVACIA, cVACIA },
        -:   29:            { cMINA,  cVACIA, cMINA,  cVACIA, cVACIA },
        8:   30:    };
        1:   31:    pos p (1,2);
       1*:   32:    EXPECT_EQ(3, minasAdyacentes(t,p));
        1:   33:}
------------------
_ZN34minasAdyacentesTest_posCentro_Test8TestBodyEv:
function _ZN34minasAdyacentesTest_posCentro_Test8TestBodyEv called 1 returned 100% blocks executed 35%
        1:   23:TEST(minasAdyacentesTest, posCentro){
        -:   24:    tablero t = {
        -:   25:            { cMINA,  cMINA,  cVACIA, cVACIA, cVACIA },
        -:   26:            { cVACIA, cVACIA, cVACIA, cMINA,  cVACIA },
        -:   27:            { cVACIA, cMINA,  cVACIA, cVACIA, cVACIA },
        -:   28:            { cVACIA, cVACIA, cVACIA, cVACIA, cVACIA },
        -:   29:            { cMINA,  cVACIA, cMINA,  cVACIA, cVACIA },
        8:   30:    };
        1:   30-block  0
call    0 returned 1
call    1 returned 1
branch  2 taken 1 (fallthrough)
branch  3 taken 0 (throw)
        1:   30-block  1
call    4 returned 1
call    5 returned 1
branch  6 taken 1 (fallthrough)
branch  7 taken 0 (throw)
        1:   30-block  2
call    8 returned 1
call    9 returned 1
branch 10 taken 1 (fallthrough)
branch 11 taken 0 (throw)
        1:   30-block  3
call   12 returned 1
call   13 returned 1
branch 14 taken 1 (fallthrough)
branch 15 taken 0 (throw)
        1:   30-block  4
call   16 returned 1
call   17 returned 1
branch 18 taken 1 (fallthrough)
branch 19 taken 0 (throw)
        1:   30-block  5
call   20 returned 1
call   21 returned 1
branch 22 taken 1 (fallthrough)
branch 23 taken 0 (throw)
        5:   30-block  6
call   24 returned 5
        1:   30-block  7
call   25 returned 1
call   26 returned 1
call   27 returned 1
call   28 returned 1
call   29 returned 1
    $$$$$:   30-block  8
    $$$$$:   30-block  9
    $$$$$:   30-block 10
call   30 never executed
    $$$$$:   30-block 11
    $$$$$:   30-block 12
    $$$$$:   30-block 13
    $$$$$:   30-block 14
    $$$$$:   30-block 15
    $$$$$:   30-block 16
    $$$$$:   30-block 17
    $$$$$:   30-block 18
    $$$$$:   30-block 19
    $$$$$:   30-block 20
    $$$$$:   30-block 21
        1:   31:    pos p (1,2);
       1*:   32:    EXPECT_EQ(3, minasAdyacentes(t,p));
call    0 returned 1
branch  1 taken 1 (fallthrough)
branch  2 taken 0 (throw)
        1:   32-block  0
call    3 returned 1
branch  4 taken 1 (fallthrough)
branch  5 taken 0 (throw)
        1:   32-block  1
call    6 returned 1
branch  7 taken 0 (fallthrough)
branch  8 taken 1
    %%%%%:   32-block  2
call    9 never executed
branch 10 never executed
branch 11 never executed
    %%%%%:   32-block  3
call   12 never executed
branch 13 never executed
branch 14 never executed
    %%%%%:   32-block  4
call   15 never executed
branch 16 never executed
branch 17 never executed
    %%%%%:   32-block  5
call   18 never executed
branch 19 never executed
branch 20 never executed
    %%%%%:   32-block  6
call   21 never executed
call   22 never executed
        1:   32-block  7
call   23 returned 1
    $$$$$:   32-block  8
    $$$$$:   32-block  9
    $$$$$:   32-block 10
call   24 never executed
    $$$$$:   32-block 11
    $$$$$:   32-block 12
call   25 never executed
    $$$$$:   32-block 13
    $$$$$:   32-block 14
call   26 never executed
        1:   33:}
call    0 returned 1
    $$$$$:   33-block  0
call    1 never executed
------------------
_ZN34minasAdyacentesTest_posCentro_TestC1Ev:
function _ZN34minasAdyacentesTest_posCentro_TestC1Ev called 1 returned 100% blocks executed 100%
        1:   23:TEST(minasAdyacentesTest, posCentro){
        1:   23-block  0
call    0 returned 1
------------------
        -:   34:
        2:   35:TEST(minasAdyacentesTest, posDobleBorde){
        -:   36:    tablero t = {
        -:   37:            { cMINA,  cMINA,  cVACIA, cVACIA, cVACIA },
        -:   38:            { cVACIA, cVACIA, cVACIA, cMINA,  cVACIA },
        -:   39:            { cVACIA, cMINA,  cVACIA, cVACIA, cVACIA },
        -:   40:            { cVACIA, cVACIA, cVACIA, cVACIA, cVACIA },
        -:   41:            { cMINA,  cVACIA, cMINA,  cVACIA, cVACIA },
        8:   42:    };
        1:   43:    pos p (0,0);
       1*:   44:    EXPECT_EQ(1, minasAdyacentes(t,p));
        1:   45:}
------------------
_ZN38minasAdyacentesTest_posDobleBorde_Test8TestBodyEv:
function _ZN38minasAdyacentesTest_posDobleBorde_Test8TestBodyEv called 1 returned 100% blocks executed 35%
        1:   35:TEST(minasAdyacentesTest, posDobleBorde){
        -:   36:    tablero t = {
        -:   37:            { cMINA,  cMINA,  cVACIA, cVACIA, cVACIA },
        -:   38:            { cVACIA, cVACIA, cVACIA, cMINA,  cVACIA },
        -:   39:            { cVACIA, cMINA,  cVACIA, cVACIA, cVACIA },
        -:   40:            { cVACIA, cVACIA, cVACIA, cVACIA, cVACIA },
        -:   41:            { cMINA,  cVACIA, cMINA,  cVACIA, cVACIA },
        8:   42:    };
        1:   42-block  0
call    0 returned 1
call    1 returned 1
branch  2 taken 1 (fallthrough)
branch  3 taken 0 (throw)
        1:   42-block  1
call    4 returned 1
call    5 returned 1
branch  6 taken 1 (fallthrough)
branch  7 taken 0 (throw)
        1:   42-block  2
call    8 returned 1
call    9 returned 1
branch 10 taken 1 (fallthrough)
branch 11 taken 0 (throw)
        1:   42-block  3
call   12 returned 1
call   13 returned 1
branch 14 taken 1 (fallthrough)
branch 15 taken 0 (throw)
        1:   42-block  4
call   16 returned 1
call   17 returned 1
branch 18 taken 1 (fallthrough)
branch 19 taken 0 (throw)
        1:   42-block  5
call   20 returned 1
call   21 returned 1
branch 22 taken 1 (fallthrough)
branch 23 taken 0 (throw)
        5:   42-block  6
call   24 returned 5
        1:   42-block  7
call   25 returned 1
call   26 returned 1
call   27 returned 1
call   28 returned 1
call   29 returned 1
    $$$$$:   42-block  8
    $$$$$:   42-block  9
    $$$$$:   42-block 10
call   30 never executed
    $$$$$:   42-block 11
    $$$$$:   42-block 12
    $$$$$:   42-block 13
    $$$$$:   42-block 14
    $$$$$:   42-block 15
    $$$$$:   42-block 16
    $$$$$:   42-block 17
    $$$$$:   42-block 18
    $$$$$:   42-block 19
    $$$$$:   42-block 20
    $$$$$:   42-block 21
        1:   43:    pos p (0,0);
       1*:   44:    EXPECT_EQ(1, minasAdyacentes(t,p));
call    0 returned 1
branch  1 taken 1 (fallthrough)
branch  2 taken 0 (throw)
        1:   44-block  0
call    3 returned 1
branch  4 taken 1 (fallthrough)
branch  5 taken 0 (throw)
        1:   44-block  1
call    6 returned 1
branch  7 taken 0 (fallthrough)
branch  8 taken 1
    %%%%%:   44-block  2
call    9 never executed
branch 10 never executed
branch 11 never executed
    %%%%%:   44-block  3
call   12 never executed
branch 13 never executed
branch 14 never executed
    %%%%%:   44-block  4
call   15 never executed
branch 16 never executed
branch 17 never executed
    %%%%%:   44-block  5
call   18 never executed
branch 19 never executed
branch 20 never executed
    %%%%%:   44-block  6
call   21 never executed
call   22 never executed
        1:   44-block  7
call   23 returned 1
    $$$$$:   44-block  8
    $$$$$:   44-block  9
    $$$$$:   44-block 10
call   24 never executed
    $$$$$:   44-block 11
    $$$$$:   44-block 12
call   25 never executed
    $$$$$:   44-block 13
    $$$$$:   44-block 14
call   26 never executed
        1:   45:}
call    0 returned 1
    $$$$$:   45-block  0
call    1 never executed
------------------
_ZN38minasAdyacentesTest_posDobleBorde_TestC1Ev:
function _ZN38minasAdyacentesTest_posDobleBorde_TestC1Ev called 1 returned 100% blocks executed 100%
        1:   35:TEST(minasAdyacentesTest, posDobleBorde){
        1:   35-block  0
call    0 returned 1
------------------
        -:   46:
        2:   47:TEST(minasAdyacentesTest, bordeFinal){
        -:   48:    tablero t = {
        -:   49:            { cMINA,  cMINA,  cVACIA, cVACIA, cVACIA },
        -:   50:            { cVACIA, cVACIA, cVACIA, cMINA,  cVACIA },
        -:   51:            { cVACIA, cMINA,  cVACIA, cVACIA, cVACIA },
        -:   52:            { cVACIA, cVACIA, cVACIA, cVACIA, cVACIA },
        -:   53:            { cMINA,  cVACIA, cMINA,  cVACIA, cVACIA },
        8:   54:    };
        1:   55:    pos p (4,4);
       1*:   56:    EXPECT_EQ(0, minasAdyacentes(t,p));
        1:   57:}
------------------
_ZN35minasAdyacentesTest_bordeFinal_Test8TestBodyEv:
function _ZN35minasAdyacentesTest_bordeFinal_Test8TestBodyEv called 1 returned 100% blocks executed 35%
        1:   47:TEST(minasAdyacentesTest, bordeFinal){
        -:   48:    tablero t = {
        -:   49:            { cMINA,  cMINA,  cVACIA, cVACIA, cVACIA },
        -:   50:            { cVACIA, cVACIA, cVACIA, cMINA,  cVACIA },
        -:   51:            { cVACIA, cMINA,  cVACIA, cVACIA, cVACIA },
        -:   52:            { cVACIA, cVACIA, cVACIA, cVACIA, cVACIA },
        -:   53:            { cMINA,  cVACIA, cMINA,  cVACIA, cVACIA },
        8:   54:    };
        1:   54-block  0
call    0 returned 1
call    1 returned 1
branch  2 taken 1 (fallthrough)
branch  3 taken 0 (throw)
        1:   54-block  1
call    4 returned 1
call    5 returned 1
branch  6 taken 1 (fallthrough)
branch  7 taken 0 (throw)
        1:   54-block  2
call    8 returned 1
call    9 returned 1
branch 10 taken 1 (fallthrough)
branch 11 taken 0 (throw)
        1:   54-block  3
call   12 returned 1
call   13 returned 1
branch 14 taken 1 (fallthrough)
branch 15 taken 0 (throw)
        1:   54-block  4
call   16 returned 1
call   17 returned 1
branch 18 taken 1 (fallthrough)
branch 19 taken 0 (throw)
        1:   54-block  5
call   20 returned 1
call   21 returned 1
branch 22 taken 1 (fallthrough)
branch 23 taken 0 (throw)
        5:   54-block  6
call   24 returned 5
        1:   54-block  7
call   25 returned 1
call   26 returned 1
call   27 returned 1
call   28 returned 1
call   29 returned 1
    $$$$$:   54-block  8
    $$$$$:   54-block  9
    $$$$$:   54-block 10
call   30 never executed
    $$$$$:   54-block 11
    $$$$$:   54-block 12
    $$$$$:   54-block 13
    $$$$$:   54-block 14
    $$$$$:   54-block 15
    $$$$$:   54-block 16
    $$$$$:   54-block 17
    $$$$$:   54-block 18
    $$$$$:   54-block 19
    $$$$$:   54-block 20
    $$$$$:   54-block 21
        1:   55:    pos p (4,4);
       1*:   56:    EXPECT_EQ(0, minasAdyacentes(t,p));
call    0 returned 1
branch  1 taken 1 (fallthrough)
branch  2 taken 0 (throw)
        1:   56-block  0
call    3 returned 1
branch  4 taken 1 (fallthrough)
branch  5 taken 0 (throw)
        1:   56-block  1
call    6 returned 1
branch  7 taken 0 (fallthrough)
branch  8 taken 1
    %%%%%:   56-block  2
call    9 never executed
branch 10 never executed
branch 11 never executed
    %%%%%:   56-block  3
call   12 never executed
branch 13 never executed
branch 14 never executed
    %%%%%:   56-block  4
call   15 never executed
branch 16 never executed
branch 17 never executed
    %%%%%:   56-block  5
call   18 never executed
branch 19 never executed
branch 20 never executed
    %%%%%:   56-block  6
call   21 never executed
call   22 never executed
        1:   56-block  7
call   23 returned 1
    $$$$$:   56-block  8
    $$$$$:   56-block  9
    $$$$$:   56-block 10
call   24 never executed
    $$$$$:   56-block 11
    $$$$$:   56-block 12
call   25 never executed
    $$$$$:   56-block 13
    $$$$$:   56-block 14
call   26 never executed
        1:   57:}
call    0 returned 1
    $$$$$:   57-block  0
call    1 never executed
------------------
_ZN35minasAdyacentesTest_bordeFinal_TestC1Ev:
function _ZN35minasAdyacentesTest_bordeFinal_TestC1Ev called 1 returned 100% blocks executed 100%
        1:   47:TEST(minasAdyacentesTest, bordeFinal){
        1:   47-block  0
call    0 returned 1
------------------
