        -:    0:Source:/home/clinux01/Escritorio/TPI/TPI_AED1/tests/perdioTEST.cpp
        -:    0:Graph:/home/clinux01/Escritorio/TPI/TPI_AED1/cmake-build-debug/CMakeFiles/tpi.dir/tests/perdioTEST.gcno
        -:    0:Data:/home/clinux01/Escritorio/TPI/TPI_AED1/cmake-build-debug/CMakeFiles/tpi.dir/tests/perdioTEST.gcda
        -:    0:Runs:1
        -:    1:// Tests para la función perdio.
        -:    2:// Ver el archovo README.md para ayuda
        -:    3:
        -:    4:#include "../ejercicios.h"
        -:    5:#include "../auxiliares.h"
        -:    6:#include "gtest/gtest.h"
        -:    7:
        -:    8:using namespace std;
        -:    9:// ┌───┬───┬───┬───┬───┐
        -:   10:// │ * │ * │ 2 │ 1 │ 1 │
        -:   11:// ├───┼───┼───┼───┼───┤
        -:   12:// │ 3 │ 3 │ 3 │ * │ 1 │
        -:   13:// ├───┼───┼───┼───┼───┤
        -:   14:// │ 1 │ * │ 2 │ 1 │ 1 │
        -:   15:// ├───┼───┼───┼───┼───┤
        -:   16:// │ 2 │ 3 │ 2 │ 1 │ 0 │
        -:   17:// ├───┼───┼───┼───┼───┤
        -:   18:// │ * │ 2 │ * │ 1 │ 0 │
        -:   19:// └───┴───┴───┴───┴───┘
        -:   20:
        -:   21:
        -:   22:
        -:   23:jugadas jugadasValidasConMina = {
        -:   24:        jugada(pos(0, 2), 2), jugada(pos(0, 4), 1),
        -:   25:        jugada(pos(1, 0), 3), jugada(pos(1, 1), 3), jugada(pos(1, 2), 3), jugada(pos(1, 3), 1),
        -:   26:};
        -:   27:
        -:   28:jugadas jugadasValidasSinMina = {
        -:   29:        jugada(pos(0, 2), 2), jugada(pos(0, 4), 1),
        -:   30:        jugada(pos(1, 0), 3), jugada(pos(1, 1), 3), jugada(pos(1, 2), 3)};
        -:   31:
        -:   32:jugadas jugadasVacias={};
        -:   33:
        2:   34:TEST(perdioTEST, sinMina) {
        -:   35:    tablero t = {
        -:   36:            {cMINA,  cMINA,  cVACIA, cVACIA, cVACIA},
        -:   37:            {cVACIA, cVACIA, cVACIA, cMINA,  cVACIA},
        -:   38:            {cVACIA, cMINA,  cVACIA, cVACIA, cVACIA},
        -:   39:            {cVACIA, cVACIA, cVACIA, cVACIA, cVACIA},
        -:   40:            {cMINA,  cVACIA, cMINA,  cVACIA, cVACIA},
        9:   41:    };
       1*:   42:    EXPECT_FALSE(perdio(t, jugadasValidasSinMina));
        1:   43:}
------------------
_ZN23perdioTEST_sinMina_Test8TestBodyEv:
function _ZN23perdioTEST_sinMina_Test8TestBodyEv called 1 returned 100% blocks executed 33%
        1:   34:TEST(perdioTEST, sinMina) {
        -:   35:    tablero t = {
        -:   36:            {cMINA,  cMINA,  cVACIA, cVACIA, cVACIA},
        -:   37:            {cVACIA, cVACIA, cVACIA, cMINA,  cVACIA},
        -:   38:            {cVACIA, cMINA,  cVACIA, cVACIA, cVACIA},
        -:   39:            {cVACIA, cVACIA, cVACIA, cVACIA, cVACIA},
        -:   40:            {cMINA,  cVACIA, cMINA,  cVACIA, cVACIA},
        9:   41:    };
        1:   41-block  0
call    0 returned 1
call    1 returned 1
branch  2 taken 1 (fallthrough)
branch  3 taken 0 (throw)
        1:   41-block  1
call    4 returned 1
call    5 returned 1
branch  6 taken 1 (fallthrough)
branch  7 taken 0 (throw)
        1:   41-block  2
call    8 returned 1
call    9 returned 1
branch 10 taken 1 (fallthrough)
branch 11 taken 0 (throw)
        1:   41-block  3
call   12 returned 1
call   13 returned 1
branch 14 taken 1 (fallthrough)
branch 15 taken 0 (throw)
        1:   41-block  4
call   16 returned 1
call   17 returned 1
branch 18 taken 1 (fallthrough)
branch 19 taken 0 (throw)
        1:   41-block  5
call   20 returned 1
call   21 returned 1
branch 22 taken 1 (fallthrough)
branch 23 taken 0 (throw)
        5:   41-block  6
call   24 returned 5
        1:   41-block  7
call   25 returned 1
call   26 returned 1
call   27 returned 1
call   28 returned 1
call   29 returned 1
call   30 returned 1
    $$$$$:   41-block  8
    $$$$$:   41-block  9
call   31 never executed
    $$$$$:   41-block 10
    $$$$$:   41-block 11
    $$$$$:   41-block 12
    $$$$$:   41-block 13
    $$$$$:   41-block 14
    $$$$$:   41-block 15
    $$$$$:   41-block 16
    $$$$$:   41-block 17
    $$$$$:   41-block 18
    $$$$$:   41-block 19
    $$$$$:   41-block 20
    $$$$$:   41-block 21
call   32 never executed
       1*:   42:    EXPECT_FALSE(perdio(t, jugadasValidasSinMina));
call    0 returned 1
branch  1 taken 1 (fallthrough)
branch  2 taken 0 (throw)
        1:   42-block  0
call    3 returned 1
branch  4 taken 1 (fallthrough)
branch  5 taken 0 (throw)
        1:   42-block  1
call    6 returned 1
branch  7 taken 0 (fallthrough)
branch  8 taken 1
    %%%%%:   42-block  2
call    9 never executed
branch 10 never executed
branch 11 never executed
    %%%%%:   42-block  3
call   12 never executed
branch 13 never executed
branch 14 never executed
    %%%%%:   42-block  4
call   15 never executed
call   16 never executed
branch 17 never executed
branch 18 never executed
    %%%%%:   42-block  5
call   19 never executed
branch 20 never executed
branch 21 never executed
    %%%%%:   42-block  6
call   22 never executed
call   23 never executed
call   24 never executed
        1:   42-block  7
call   25 returned 1
    $$$$$:   42-block  8
    $$$$$:   42-block  9
call   26 never executed
    $$$$$:   42-block 10
    $$$$$:   42-block 11
call   27 never executed
    $$$$$:   42-block 12
    $$$$$:   42-block 13
call   28 never executed
    $$$$$:   42-block 14
    $$$$$:   42-block 15
call   29 never executed
        1:   43:}
------------------
_ZN23perdioTEST_sinMina_TestC2Ev:
function _ZN23perdioTEST_sinMina_TestC2Ev called 1 returned 100% blocks executed 100%
        1:   34:TEST(perdioTEST, sinMina) {
        1:   34-block  0
call    0 returned 1
------------------
        2:   44:TEST(perdioTEST, conMina){
        -:   45:    tablero t = {
        -:   46:            { cMINA,  cMINA,  cVACIA, cVACIA, cVACIA },
        -:   47:            { cVACIA, cVACIA, cVACIA, cMINA,  cVACIA },
        -:   48:            { cVACIA, cMINA,  cVACIA, cVACIA, cVACIA },
        -:   49:            { cVACIA, cVACIA, cVACIA, cVACIA, cVACIA },
        -:   50:            { cMINA,  cVACIA, cMINA,  cVACIA, cVACIA },
        9:   51:    };
       1*:   52:    EXPECT_TRUE(perdio(t,jugadasValidasConMina));
        1:   53:}
------------------
_ZN23perdioTEST_conMina_Test8TestBodyEv:
function _ZN23perdioTEST_conMina_Test8TestBodyEv called 1 returned 100% blocks executed 33%
        1:   44:TEST(perdioTEST, conMina){
        -:   45:    tablero t = {
        -:   46:            { cMINA,  cMINA,  cVACIA, cVACIA, cVACIA },
        -:   47:            { cVACIA, cVACIA, cVACIA, cMINA,  cVACIA },
        -:   48:            { cVACIA, cMINA,  cVACIA, cVACIA, cVACIA },
        -:   49:            { cVACIA, cVACIA, cVACIA, cVACIA, cVACIA },
        -:   50:            { cMINA,  cVACIA, cMINA,  cVACIA, cVACIA },
        9:   51:    };
        1:   51-block  0
call    0 returned 1
call    1 returned 1
branch  2 taken 1 (fallthrough)
branch  3 taken 0 (throw)
        1:   51-block  1
call    4 returned 1
call    5 returned 1
branch  6 taken 1 (fallthrough)
branch  7 taken 0 (throw)
        1:   51-block  2
call    8 returned 1
call    9 returned 1
branch 10 taken 1 (fallthrough)
branch 11 taken 0 (throw)
        1:   51-block  3
call   12 returned 1
call   13 returned 1
branch 14 taken 1 (fallthrough)
branch 15 taken 0 (throw)
        1:   51-block  4
call   16 returned 1
call   17 returned 1
branch 18 taken 1 (fallthrough)
branch 19 taken 0 (throw)
        1:   51-block  5
call   20 returned 1
call   21 returned 1
branch 22 taken 1 (fallthrough)
branch 23 taken 0 (throw)
        5:   51-block  6
call   24 returned 5
        1:   51-block  7
call   25 returned 1
call   26 returned 1
call   27 returned 1
call   28 returned 1
call   29 returned 1
call   30 returned 1
    $$$$$:   51-block  8
    $$$$$:   51-block  9
call   31 never executed
    $$$$$:   51-block 10
    $$$$$:   51-block 11
    $$$$$:   51-block 12
    $$$$$:   51-block 13
    $$$$$:   51-block 14
    $$$$$:   51-block 15
    $$$$$:   51-block 16
    $$$$$:   51-block 17
    $$$$$:   51-block 18
    $$$$$:   51-block 19
    $$$$$:   51-block 20
    $$$$$:   51-block 21
call   32 never executed
       1*:   52:    EXPECT_TRUE(perdio(t,jugadasValidasConMina));
call    0 returned 1
branch  1 taken 1 (fallthrough)
branch  2 taken 0 (throw)
        1:   52-block  0
call    3 returned 1
branch  4 taken 1 (fallthrough)
branch  5 taken 0 (throw)
        1:   52-block  1
call    6 returned 1
branch  7 taken 0 (fallthrough)
branch  8 taken 1
    %%%%%:   52-block  2
call    9 never executed
branch 10 never executed
branch 11 never executed
    %%%%%:   52-block  3
call   12 never executed
branch 13 never executed
branch 14 never executed
    %%%%%:   52-block  4
call   15 never executed
call   16 never executed
branch 17 never executed
branch 18 never executed
    %%%%%:   52-block  5
call   19 never executed
branch 20 never executed
branch 21 never executed
    %%%%%:   52-block  6
call   22 never executed
call   23 never executed
call   24 never executed
        1:   52-block  7
call   25 returned 1
    $$$$$:   52-block  8
    $$$$$:   52-block  9
call   26 never executed
    $$$$$:   52-block 10
    $$$$$:   52-block 11
call   27 never executed
    $$$$$:   52-block 12
    $$$$$:   52-block 13
call   28 never executed
    $$$$$:   52-block 14
    $$$$$:   52-block 15
call   29 never executed
        1:   53:}
------------------
_ZN23perdioTEST_conMina_TestC2Ev:
function _ZN23perdioTEST_conMina_TestC2Ev called 1 returned 100% blocks executed 100%
        1:   44:TEST(perdioTEST, conMina){
        1:   44-block  0
call    0 returned 1
------------------
        -:   54:
        2:   55:TEST(perdioTEST, jugadasVacias){
        -:   56:    tablero t = {
        -:   57:            { cMINA,  cMINA,  cVACIA, cVACIA, cVACIA },
        -:   58:            { cVACIA, cVACIA, cVACIA, cMINA,  cVACIA },
        -:   59:            { cVACIA, cMINA,  cVACIA, cVACIA, cVACIA },
        -:   60:            { cVACIA, cVACIA, cVACIA, cVACIA, cVACIA },
        -:   61:            { cMINA,  cVACIA, cMINA,  cVACIA, cVACIA },
        9:   62:    };
       1*:   63:    EXPECT_FALSE(perdio(t,jugadasVacias));
        1:   64:}
------------------
_ZN29perdioTEST_jugadasVacias_Test8TestBodyEv:
function _ZN29perdioTEST_jugadasVacias_Test8TestBodyEv called 1 returned 100% blocks executed 33%
        1:   55:TEST(perdioTEST, jugadasVacias){
        -:   56:    tablero t = {
        -:   57:            { cMINA,  cMINA,  cVACIA, cVACIA, cVACIA },
        -:   58:            { cVACIA, cVACIA, cVACIA, cMINA,  cVACIA },
        -:   59:            { cVACIA, cMINA,  cVACIA, cVACIA, cVACIA },
        -:   60:            { cVACIA, cVACIA, cVACIA, cVACIA, cVACIA },
        -:   61:            { cMINA,  cVACIA, cMINA,  cVACIA, cVACIA },
        9:   62:    };
        1:   62-block  0
call    0 returned 1
call    1 returned 1
branch  2 taken 1 (fallthrough)
branch  3 taken 0 (throw)
        1:   62-block  1
call    4 returned 1
call    5 returned 1
branch  6 taken 1 (fallthrough)
branch  7 taken 0 (throw)
        1:   62-block  2
call    8 returned 1
call    9 returned 1
branch 10 taken 1 (fallthrough)
branch 11 taken 0 (throw)
        1:   62-block  3
call   12 returned 1
call   13 returned 1
branch 14 taken 1 (fallthrough)
branch 15 taken 0 (throw)
        1:   62-block  4
call   16 returned 1
call   17 returned 1
branch 18 taken 1 (fallthrough)
branch 19 taken 0 (throw)
        1:   62-block  5
call   20 returned 1
call   21 returned 1
branch 22 taken 1 (fallthrough)
branch 23 taken 0 (throw)
        5:   62-block  6
call   24 returned 5
        1:   62-block  7
call   25 returned 1
call   26 returned 1
call   27 returned 1
call   28 returned 1
call   29 returned 1
call   30 returned 1
    $$$$$:   62-block  8
    $$$$$:   62-block  9
call   31 never executed
    $$$$$:   62-block 10
    $$$$$:   62-block 11
    $$$$$:   62-block 12
    $$$$$:   62-block 13
    $$$$$:   62-block 14
    $$$$$:   62-block 15
    $$$$$:   62-block 16
    $$$$$:   62-block 17
    $$$$$:   62-block 18
    $$$$$:   62-block 19
    $$$$$:   62-block 20
    $$$$$:   62-block 21
call   32 never executed
       1*:   63:    EXPECT_FALSE(perdio(t,jugadasVacias));
call    0 returned 1
branch  1 taken 1 (fallthrough)
branch  2 taken 0 (throw)
        1:   63-block  0
call    3 returned 1
branch  4 taken 1 (fallthrough)
branch  5 taken 0 (throw)
        1:   63-block  1
call    6 returned 1
branch  7 taken 0 (fallthrough)
branch  8 taken 1
    %%%%%:   63-block  2
call    9 never executed
branch 10 never executed
branch 11 never executed
    %%%%%:   63-block  3
call   12 never executed
branch 13 never executed
branch 14 never executed
    %%%%%:   63-block  4
call   15 never executed
call   16 never executed
branch 17 never executed
branch 18 never executed
    %%%%%:   63-block  5
call   19 never executed
branch 20 never executed
branch 21 never executed
    %%%%%:   63-block  6
call   22 never executed
call   23 never executed
call   24 never executed
        1:   63-block  7
call   25 returned 1
    $$$$$:   63-block  8
    $$$$$:   63-block  9
call   26 never executed
    $$$$$:   63-block 10
    $$$$$:   63-block 11
call   27 never executed
    $$$$$:   63-block 12
    $$$$$:   63-block 13
call   28 never executed
    $$$$$:   63-block 14
    $$$$$:   63-block 15
call   29 never executed
        1:   64:}
------------------
_ZN29perdioTEST_jugadasVacias_TestC2Ev:
function _ZN29perdioTEST_jugadasVacias_TestC2Ev called 1 returned 100% blocks executed 100%
        1:   55:TEST(perdioTEST, jugadasVacias){
        1:   55-block  0
call    0 returned 1
------------------
        -:   65:
